In file included from ./src/node/dtn/routing/RoutingORUCOP.h:13,
                 from ./src/node/dtn/Dtn.h:23,
                 from ./src/central/Central.h:10,
                 from src/central/Central.cc:1:
./src/node/dtn/routing/unibocgr/core/cgr/cgr_phases.h:76: warning: "MAX_SPEED_MPH" redefined
   76 | #define MAX_SPEED_MPH (450000)
      | 
In file included from ./src/node/dtn/Dtn.h:20:
./src/node/dtn/routing/RoutingCgrModelYen.h:29: note: this is the location of the previous definition
   29 | #define MAX_SPEED_MPH (150000)
      | 
In file included from ./src/node/dtn/Dtn.h:29:
./src/node/dtn/routing/cgrbrufpowered/CGRBRUFPowered.h:63: warning: "MAX_SPEED_MPH" redefined
   63 | #define MAX_SPEED_MPH (150000)
      | 
./src/node/dtn/routing/unibocgr/core/cgr/cgr_phases.h:76: note: this is the location of the previous definition
   76 | #define MAX_SPEED_MPH (450000)
      | 
In file included from ./src/node/dtn/routing/RoutingORUCOP.h:13,
                 from ./src/node/dtn/Dtn.h:23,
                 from src/node/dtn/Dtn.cc:1:
./src/node/dtn/routing/unibocgr/core/cgr/cgr_phases.h:76: warning: "MAX_SPEED_MPH" redefined
   76 | #define MAX_SPEED_MPH (450000)
      | 
In file included from ./src/node/dtn/Dtn.h:20:
./src/node/dtn/routing/RoutingCgrModelYen.h:29: note: this is the location of the previous definition
   29 | #define MAX_SPEED_MPH (150000)
      | 
In file included from ./src/node/dtn/Dtn.h:29:
./src/node/dtn/routing/cgrbrufpowered/CGRBRUFPowered.h:63: warning: "MAX_SPEED_MPH" redefined
   63 | #define MAX_SPEED_MPH (150000)
      | 
./src/node/dtn/routing/unibocgr/core/cgr/cgr_phases.h:76: note: this is the location of the previous definition
   76 | #define MAX_SPEED_MPH (450000)
      | 
In file included from ../external/lib/include/cell.h:4,
                 from ../external/lib/include/antop.h:6,
                 from src/node/dtn/routing/RoutingAntop.cc:2:
../external/lib/include/address.h:8:14: fatal error: coordijk.h: No existe el fichero o el directorio
    8 |     #include "coordijk.h"
      |              ^~~~~~~~~~~~
compilation terminated.
make: *** [Makefile:163: out/gcc-release//src/node/dtn/routing/RoutingAntop.o] Error 1
